<?xml version="1.0" encoding="UTF-8"?>
<!-- Generated by org.testng.reporters.JUnitReportReporter -->
<testsuite skipped="0" hostname="LAPTOP-5I3A2SA0" name="com.pratian.SauceDemo.Automation.Tests.TestAddCartitem" tests="1" failures="0" timestamp="2021-02-11T21:47:26 IST" time="98.349" errors="0">
  <testcase name="AddtoCart" time="98.349" classname="com.pratian.SauceDemo.Automation.Tests.TestAddCartitem"/>
  <system-out/>
</testsuite> <!-- com.pratian.SauceDemo.Automation.Tests.TestAddCartitem -->
